Determining if the pthread_create exist failed with the following output:
Change Dir: /home/workspace/Project1/build/CMakeFiles/CMakeTmp

Run Build Command:"/usr/bin/make" "cmTC_f2c4b/fast"
/usr/bin/make -f CMakeFiles/cmTC_f2c4b.dir/build.make CMakeFiles/cmTC_f2c4b.dir/build
make[1]: Entering directory '/home/workspace/Project1/build/CMakeFiles/CMakeTmp'
Building C object CMakeFiles/cmTC_f2c4b.dir/CheckSymbolExists.c.o
/usr/bin/cc     -o CMakeFiles/cmTC_f2c4b.dir/CheckSymbolExists.c.o   -c /home/workspace/Project1/build/CMakeFiles/CMakeTmp/CheckSymbolExists.c
Linking C executable cmTC_f2c4b
/usr/bin/cmake -E cmake_link_script CMakeFiles/cmTC_f2c4b.dir/link.txt --verbose=1
/usr/bin/cc       CMakeFiles/cmTC_f2c4b.dir/CheckSymbolExists.c.o  -o cmTC_f2c4b -rdynamic 
CMakeFiles/cmTC_f2c4b.dir/CheckSymbolExists.c.o: In function `main':
CheckSymbolExists.c:(.text+0x16): undefined reference to `pthread_create'
collect2: error: ld returned 1 exit status
CMakeFiles/cmTC_f2c4b.dir/build.make:97: recipe for target 'cmTC_f2c4b' failed
make[1]: *** [cmTC_f2c4b] Error 1
make[1]: Leaving directory '/home/workspace/Project1/build/CMakeFiles/CMakeTmp'
Makefile:126: recipe for target 'cmTC_f2c4b/fast' failed
make: *** [cmTC_f2c4b/fast] Error 2

File /home/workspace/Project1/build/CMakeFiles/CMakeTmp/CheckSymbolExists.c:
/* */
#include <pthread.h>

int main(int argc, char** argv)
{
  (void)argv;
#ifndef pthread_create
  return ((int*)(&pthread_create))[argc];
#else
  (void)argc;
  return 0;
#endif
}

Determining if the function pthread_create exists in the pthreads failed with the following output:
Change Dir: /home/workspace/Project1/build/CMakeFiles/CMakeTmp

Run Build Command:"/usr/bin/make" "cmTC_dda80/fast"
/usr/bin/make -f CMakeFiles/cmTC_dda80.dir/build.make CMakeFiles/cmTC_dda80.dir/build
make[1]: Entering directory '/home/workspace/Project1/build/CMakeFiles/CMakeTmp'
Building C object CMakeFiles/cmTC_dda80.dir/CheckFunctionExists.c.o
/usr/bin/cc    -DCHECK_FUNCTION_EXISTS=pthread_create   -o CMakeFiles/cmTC_dda80.dir/CheckFunctionExists.c.o   -c /usr/share/cmake-3.5/Modules/CheckFunctionExists.c
Linking C executable cmTC_dda80
/usr/bin/cmake -E cmake_link_script CMakeFiles/cmTC_dda80.dir/link.txt --verbose=1
/usr/bin/cc   -DCHECK_FUNCTION_EXISTS=pthread_create    CMakeFiles/cmTC_dda80.dir/CheckFunctionExists.c.o  -o cmTC_dda80 -rdynamic -lpthreads 
/usr/bin/ld: cannot find -lpthreads
collect2: error: ld returned 1 exit status
CMakeFiles/cmTC_dda80.dir/build.make:97: recipe for target 'cmTC_dda80' failed
make[1]: *** [cmTC_dda80] Error 1
make[1]: Leaving directory '/home/workspace/Project1/build/CMakeFiles/CMakeTmp'
Makefile:126: recipe for target 'cmTC_dda80/fast' failed
make: *** [cmTC_dda80/fast] Error 2


